[2022-03-14 12:32:29,039] {taskinstance.py:1037} INFO - Dependencies all met for <TaskInstance: main_dag.fetch_weather_data manual__2022-03-14T12:32:19.927214+00:00 [queued]>
[2022-03-14 12:32:29,133] {taskinstance.py:1037} INFO - Dependencies all met for <TaskInstance: main_dag.fetch_weather_data manual__2022-03-14T12:32:19.927214+00:00 [queued]>
[2022-03-14 12:32:29,143] {taskinstance.py:1243} INFO - 
--------------------------------------------------------------------------------
[2022-03-14 12:32:29,145] {taskinstance.py:1244} INFO - Starting attempt 1 of 2
[2022-03-14 12:32:29,147] {taskinstance.py:1245} INFO - 
--------------------------------------------------------------------------------
[2022-03-14 12:32:29,312] {taskinstance.py:1264} INFO - Executing <Task(PythonOperator): fetch_weather_data> on 2022-03-14 12:32:19.927214+00:00
[2022-03-14 12:32:29,346] {standard_task_runner.py:52} INFO - Started process 1823 to run task
[2022-03-14 12:32:29,383] {standard_task_runner.py:76} INFO - Running: ['***', 'tasks', 'run', 'main_dag', 'fetch_weather_data', 'manual__2022-03-14T12:32:19.927214+00:00', '--job-id', '2', '--raw', '--subdir', 'DAGS_FOLDER/main_dag.py', '--cfg-path', '/tmp/tmpus9sg9np', '--error-file', '/tmp/tmpqhdvdy2n']
[2022-03-14 12:32:29,397] {standard_task_runner.py:77} INFO - Job 2: Subtask fetch_weather_data
[2022-03-14 12:32:30,109] {logging_mixin.py:109} INFO - Running <TaskInstance: main_dag.fetch_weather_data manual__2022-03-14T12:32:19.927214+00:00 [running]> on host e0810cf0708b
[2022-03-14 12:32:30,401] {taskinstance.py:1431} INFO - Exporting the following env vars:
AIRFLOW_CTX_DAG_OWNER=***
AIRFLOW_CTX_DAG_ID=main_dag
AIRFLOW_CTX_TASK_ID=fetch_weather_data
AIRFLOW_CTX_EXECUTION_DATE=2022-03-14T12:32:19.927214+00:00
AIRFLOW_CTX_DAG_RUN_ID=manual__2022-03-14T12:32:19.927214+00:00
[2022-03-14 12:32:42,396] {logging_mixin.py:109} INFO - DONE executing python file
[2022-03-14 12:32:42,401] {python.py:175} INFO - Done. Returned value was: None
[2022-03-14 12:32:42,461] {taskinstance.py:1282} INFO - Marking task as SUCCESS. dag_id=main_dag, task_id=fetch_weather_data, execution_date=20220314T123219, start_date=20220314T123229, end_date=20220314T123242
[2022-03-14 12:32:42,593] {local_task_job.py:154} INFO - Task exited with return code 0
[2022-03-14 12:32:42,843] {local_task_job.py:264} INFO - 1 downstream tasks scheduled from follow-on schedule check
