[2022-03-14 17:59:40,568] {taskinstance.py:1037} INFO - Dependencies all met for <TaskInstance: main_dag.create_weather_table scheduled__2022-03-14T00:00:00+00:00 [queued]>
[2022-03-14 17:59:40,654] {taskinstance.py:1037} INFO - Dependencies all met for <TaskInstance: main_dag.create_weather_table scheduled__2022-03-14T00:00:00+00:00 [queued]>
[2022-03-14 17:59:40,656] {taskinstance.py:1243} INFO - 
--------------------------------------------------------------------------------
[2022-03-14 17:59:40,658] {taskinstance.py:1244} INFO - Starting attempt 1 of 2
[2022-03-14 17:59:40,660] {taskinstance.py:1245} INFO - 
--------------------------------------------------------------------------------
[2022-03-14 17:59:40,747] {taskinstance.py:1264} INFO - Executing <Task(PostgresOperator): create_weather_table> on 2022-03-14 00:00:00+00:00
[2022-03-14 17:59:40,761] {standard_task_runner.py:52} INFO - Started process 11171 to run task
[2022-03-14 17:59:40,780] {standard_task_runner.py:76} INFO - Running: ['***', 'tasks', 'run', 'main_dag', 'create_weather_table', 'scheduled__2022-03-14T00:00:00+00:00', '--job-id', '13', '--raw', '--subdir', 'DAGS_FOLDER/main_dag.py', '--cfg-path', '/tmp/tmp_0d45xka', '--error-file', '/tmp/tmpwn7wa8el']
[2022-03-14 17:59:40,784] {standard_task_runner.py:77} INFO - Job 13: Subtask create_weather_table
[2022-03-14 17:59:41,211] {logging_mixin.py:109} INFO - Running <TaskInstance: main_dag.create_weather_table scheduled__2022-03-14T00:00:00+00:00 [running]> on host 0bb54ecb374d
[2022-03-14 17:59:41,454] {taskinstance.py:1431} INFO - Exporting the following env vars:
AIRFLOW_CTX_DAG_OWNER=***
AIRFLOW_CTX_DAG_ID=main_dag
AIRFLOW_CTX_TASK_ID=create_weather_table
AIRFLOW_CTX_EXECUTION_DATE=2022-03-14T00:00:00+00:00
AIRFLOW_CTX_DAG_RUN_ID=scheduled__2022-03-14T00:00:00+00:00
[2022-03-14 17:59:41,480] {base.py:79} INFO - Using connection to: id: postgres_default. Host: postgres, Port: 5432, Schema: postgres, Login: ***, Password: ***, extra: {}
[2022-03-14 17:59:41,489] {dbapi.py:225} INFO - Running statement: DROP TABLE IF EXISTS weather_table;
CREATE TABLE weather_table (
state_name VARCHAR NOT NULL,
description VARCHAR NOT NULL,
temperature VARCHAR NOT NULL,
feels_like VARCHAR NOT NULL,
temp_min VARCHAR NOT NULL,
temp_max VARCHAR NOT NULL,
humidity VARCHAR NOT NULL,
clouds VARCHAR NOT NULL);, parameters: None
[2022-03-14 17:59:41,530] {taskinstance.py:1282} INFO - Marking task as SUCCESS. dag_id=main_dag, task_id=create_weather_table, execution_date=20220314T000000, start_date=20220314T175940, end_date=20220314T175941
[2022-03-14 17:59:41,599] {local_task_job.py:154} INFO - Task exited with return code 0
[2022-03-14 17:59:41,717] {local_task_job.py:264} INFO - 1 downstream tasks scheduled from follow-on schedule check
