[2022-03-14 17:59:31,608] {taskinstance.py:1037} INFO - Dependencies all met for <TaskInstance: main_dag.fetch_weather_data scheduled__2022-03-14T00:00:00+00:00 [queued]>
[2022-03-14 17:59:31,648] {taskinstance.py:1037} INFO - Dependencies all met for <TaskInstance: main_dag.fetch_weather_data scheduled__2022-03-14T00:00:00+00:00 [queued]>
[2022-03-14 17:59:31,650] {taskinstance.py:1243} INFO - 
--------------------------------------------------------------------------------
[2022-03-14 17:59:31,652] {taskinstance.py:1244} INFO - Starting attempt 1 of 2
[2022-03-14 17:59:31,654] {taskinstance.py:1245} INFO - 
--------------------------------------------------------------------------------
[2022-03-14 17:59:31,698] {taskinstance.py:1264} INFO - Executing <Task(PythonOperator): fetch_weather_data> on 2022-03-14 00:00:00+00:00
[2022-03-14 17:59:31,707] {standard_task_runner.py:52} INFO - Started process 11153 to run task
[2022-03-14 17:59:31,715] {standard_task_runner.py:76} INFO - Running: ['***', 'tasks', 'run', 'main_dag', 'fetch_weather_data', 'scheduled__2022-03-14T00:00:00+00:00', '--job-id', '12', '--raw', '--subdir', 'DAGS_FOLDER/main_dag.py', '--cfg-path', '/tmp/tmpg_3s4z_2', '--error-file', '/tmp/tmpdjanpmdx']
[2022-03-14 17:59:31,718] {standard_task_runner.py:77} INFO - Job 12: Subtask fetch_weather_data
[2022-03-14 17:59:31,849] {logging_mixin.py:109} INFO - Running <TaskInstance: main_dag.fetch_weather_data scheduled__2022-03-14T00:00:00+00:00 [running]> on host 0bb54ecb374d
[2022-03-14 17:59:31,986] {taskinstance.py:1431} INFO - Exporting the following env vars:
AIRFLOW_CTX_DAG_OWNER=***
AIRFLOW_CTX_DAG_ID=main_dag
AIRFLOW_CTX_TASK_ID=fetch_weather_data
AIRFLOW_CTX_EXECUTION_DATE=2022-03-14T00:00:00+00:00
AIRFLOW_CTX_DAG_RUN_ID=scheduled__2022-03-14T00:00:00+00:00
[2022-03-14 17:59:38,081] {python.py:175} INFO - Done. Returned value was: None
[2022-03-14 17:59:38,115] {taskinstance.py:1282} INFO - Marking task as SUCCESS. dag_id=main_dag, task_id=fetch_weather_data, execution_date=20220314T000000, start_date=20220314T175931, end_date=20220314T175938
[2022-03-14 17:59:38,196] {local_task_job.py:154} INFO - Task exited with return code 0
[2022-03-14 17:59:38,302] {local_task_job.py:264} INFO - 1 downstream tasks scheduled from follow-on schedule check
