[2022-03-15 06:27:48,435] {taskinstance.py:1037} INFO - Dependencies all met for <TaskInstance: main_dag.populate_weather_table scheduled__2022-03-14T06:00:00+00:00 [queued]>
[2022-03-15 06:27:48,496] {taskinstance.py:1037} INFO - Dependencies all met for <TaskInstance: main_dag.populate_weather_table scheduled__2022-03-14T06:00:00+00:00 [queued]>
[2022-03-15 06:27:48,500] {taskinstance.py:1243} INFO - 
--------------------------------------------------------------------------------
[2022-03-15 06:27:48,502] {taskinstance.py:1244} INFO - Starting attempt 1 of 2
[2022-03-15 06:27:48,504] {taskinstance.py:1245} INFO - 
--------------------------------------------------------------------------------
[2022-03-15 06:27:48,559] {taskinstance.py:1264} INFO - Executing <Task(PostgresOperator): populate_weather_table> on 2022-03-14 06:00:00+00:00
[2022-03-15 06:27:48,570] {standard_task_runner.py:52} INFO - Started process 11950 to run task
[2022-03-15 06:27:48,587] {standard_task_runner.py:76} INFO - Running: ['***', 'tasks', 'run', 'main_dag', 'populate_weather_table', 'scheduled__2022-03-14T06:00:00+00:00', '--job-id', '17', '--raw', '--subdir', 'DAGS_FOLDER/main_dag.py', '--cfg-path', '/tmp/tmpvnwi4q8g', '--error-file', '/tmp/tmpjnzlmq9q']
[2022-03-15 06:27:48,591] {standard_task_runner.py:77} INFO - Job 17: Subtask populate_weather_table
[2022-03-15 06:27:48,849] {logging_mixin.py:109} INFO - Running <TaskInstance: main_dag.populate_weather_table scheduled__2022-03-14T06:00:00+00:00 [running]> on host 0bb54ecb374d
[2022-03-15 06:27:49,108] {taskinstance.py:1431} INFO - Exporting the following env vars:
AIRFLOW_CTX_DAG_OWNER=***
AIRFLOW_CTX_DAG_ID=main_dag
AIRFLOW_CTX_TASK_ID=populate_weather_table
AIRFLOW_CTX_EXECUTION_DATE=2022-03-14T06:00:00+00:00
AIRFLOW_CTX_DAG_RUN_ID=scheduled__2022-03-14T06:00:00+00:00
[2022-03-15 06:27:49,145] {base.py:79} INFO - Using connection to: id: postgres_default. Host: postgres, Port: 5432, Schema: postgres, Login: ***, Password: ***, extra: {}
[2022-03-15 06:27:49,157] {dbapi.py:225} INFO - Running statement: DROP TABLE IF EXISTS weather_table;
CREATE TABLE weather_table (
state_name VARCHAR NOT NULL,
description VARCHAR NOT NULL,
temperature VARCHAR NOT NULL,
feels_like VARCHAR NOT NULL,
temp_min VARCHAR NOT NULL,
temp_max VARCHAR NOT NULL,
humidity VARCHAR NOT NULL,
clouds VARCHAR NOT NULL);, parameters: None
[2022-03-15 06:27:49,214] {taskinstance.py:1282} INFO - Marking task as SUCCESS. dag_id=main_dag, task_id=populate_weather_table, execution_date=20220314T060000, start_date=20220315T062748, end_date=20220315T062749
[2022-03-15 06:27:49,322] {local_task_job.py:154} INFO - Task exited with return code 0
[2022-03-15 06:27:49,438] {local_task_job.py:264} INFO - 0 downstream tasks scheduled from follow-on schedule check
