[2022-03-14 13:43:37,161] {taskinstance.py:1037} INFO - Dependencies all met for <TaskInstance: main_dag.create_weather_table manual__2022-03-14T13:43:23.298505+00:00 [queued]>
[2022-03-14 13:43:37,214] {taskinstance.py:1037} INFO - Dependencies all met for <TaskInstance: main_dag.create_weather_table manual__2022-03-14T13:43:23.298505+00:00 [queued]>
[2022-03-14 13:43:37,217] {taskinstance.py:1243} INFO - 
--------------------------------------------------------------------------------
[2022-03-14 13:43:37,218] {taskinstance.py:1244} INFO - Starting attempt 1 of 2
[2022-03-14 13:43:37,220] {taskinstance.py:1245} INFO - 
--------------------------------------------------------------------------------
[2022-03-14 13:43:37,269] {taskinstance.py:1264} INFO - Executing <Task(PostgresOperator): create_weather_table> on 2022-03-14 13:43:23.298505+00:00
[2022-03-14 13:43:37,279] {standard_task_runner.py:52} INFO - Started process 2038 to run task
[2022-03-14 13:43:37,288] {standard_task_runner.py:76} INFO - Running: ['***', 'tasks', 'run', 'main_dag', 'create_weather_table', 'manual__2022-03-14T13:43:23.298505+00:00', '--job-id', '15', '--raw', '--subdir', 'DAGS_FOLDER/main_dag.py', '--cfg-path', '/tmp/tmp6p2gtkw3', '--error-file', '/tmp/tmps4uq3cdz']
[2022-03-14 13:43:37,291] {standard_task_runner.py:77} INFO - Job 15: Subtask create_weather_table
[2022-03-14 13:43:37,470] {logging_mixin.py:109} INFO - Running <TaskInstance: main_dag.create_weather_table manual__2022-03-14T13:43:23.298505+00:00 [running]> on host e0810cf0708b
[2022-03-14 13:43:37,869] {taskinstance.py:1431} INFO - Exporting the following env vars:
AIRFLOW_CTX_DAG_OWNER=***
AIRFLOW_CTX_DAG_ID=main_dag
AIRFLOW_CTX_TASK_ID=create_weather_table
AIRFLOW_CTX_EXECUTION_DATE=2022-03-14T13:43:23.298505+00:00
AIRFLOW_CTX_DAG_RUN_ID=manual__2022-03-14T13:43:23.298505+00:00
[2022-03-14 13:43:37,977] {base.py:79} INFO - Using connection to: id: postgres_default. Host: postgres, Port: 5432, Schema: postgres, Login: ***, Password: ***, extra: {}
[2022-03-14 13:43:37,999] {dbapi.py:225} INFO - Running statement: DROP TABLE IF EXISTS weather_table;
CREATE TABLE weather_table (
state_name VARCHAR NOT NULL,
description VARCHAR NOT NULL,
temperature VARCHAR NOT NULL,
feels_like VARCHAR NOT NULL,
temp_min VARCHAR NOT NULL,
temp_max VARCHAR NOT NULL,
humidity VARCHAR NOT NULL,
clouds VARCHAR NOT NULL);, parameters: None
[2022-03-14 13:43:38,127] {taskinstance.py:1282} INFO - Marking task as SUCCESS. dag_id=main_dag, task_id=create_weather_table, execution_date=20220314T134323, start_date=20220314T134337, end_date=20220314T134338
[2022-03-14 13:43:38,229] {local_task_job.py:154} INFO - Task exited with return code 0
[2022-03-14 13:43:38,337] {local_task_job.py:264} INFO - 1 downstream tasks scheduled from follow-on schedule check
