[2022-03-15 06:27:31,022] {taskinstance.py:1037} INFO - Dependencies all met for <TaskInstance: main_dag.fetch_weather_data scheduled__2022-03-14T06:00:00+00:00 [queued]>
[2022-03-15 06:27:31,083] {taskinstance.py:1037} INFO - Dependencies all met for <TaskInstance: main_dag.fetch_weather_data scheduled__2022-03-14T06:00:00+00:00 [queued]>
[2022-03-15 06:27:31,085] {taskinstance.py:1243} INFO - 
--------------------------------------------------------------------------------
[2022-03-15 06:27:31,088] {taskinstance.py:1244} INFO - Starting attempt 1 of 2
[2022-03-15 06:27:31,090] {taskinstance.py:1245} INFO - 
--------------------------------------------------------------------------------
[2022-03-15 06:27:31,149] {taskinstance.py:1264} INFO - Executing <Task(PythonOperator): fetch_weather_data> on 2022-03-14 06:00:00+00:00
[2022-03-15 06:27:31,161] {standard_task_runner.py:52} INFO - Started process 11914 to run task
[2022-03-15 06:27:31,168] {standard_task_runner.py:76} INFO - Running: ['***', 'tasks', 'run', 'main_dag', 'fetch_weather_data', 'scheduled__2022-03-14T06:00:00+00:00', '--job-id', '15', '--raw', '--subdir', 'DAGS_FOLDER/main_dag.py', '--cfg-path', '/tmp/tmp9_srmt64', '--error-file', '/tmp/tmpwatp11jo']
[2022-03-15 06:27:31,174] {standard_task_runner.py:77} INFO - Job 15: Subtask fetch_weather_data
[2022-03-15 06:27:31,417] {logging_mixin.py:109} INFO - Running <TaskInstance: main_dag.fetch_weather_data scheduled__2022-03-14T06:00:00+00:00 [running]> on host 0bb54ecb374d
[2022-03-15 06:27:31,682] {taskinstance.py:1431} INFO - Exporting the following env vars:
AIRFLOW_CTX_DAG_OWNER=***
AIRFLOW_CTX_DAG_ID=main_dag
AIRFLOW_CTX_TASK_ID=fetch_weather_data
AIRFLOW_CTX_EXECUTION_DATE=2022-03-14T06:00:00+00:00
AIRFLOW_CTX_DAG_RUN_ID=scheduled__2022-03-14T06:00:00+00:00
[2022-03-15 06:27:39,525] {python.py:175} INFO - Done. Returned value was: None
[2022-03-15 06:27:39,575] {taskinstance.py:1282} INFO - Marking task as SUCCESS. dag_id=main_dag, task_id=fetch_weather_data, execution_date=20220314T060000, start_date=20220315T062731, end_date=20220315T062739
[2022-03-15 06:27:39,703] {local_task_job.py:154} INFO - Task exited with return code 0
[2022-03-15 06:27:39,899] {local_task_job.py:264} INFO - 1 downstream tasks scheduled from follow-on schedule check
